Determining if the pthread_create exist failed with the following output:
Change Dir: /home/pi/catkin_ws/build/CMakeFiles/CMakeTmp

Run Build Command:"/usr/bin/make" "cmTC_71f4a/fast"
/usr/bin/make -f CMakeFiles/cmTC_71f4a.dir/build.make CMakeFiles/cmTC_71f4a.dir/build
make[1]: Entering directory '/home/pi/catkin_ws/build/CMakeFiles/CMakeTmp'
Building C object CMakeFiles/cmTC_71f4a.dir/CheckSymbolExists.c.o
/usr/bin/cc     -o CMakeFiles/cmTC_71f4a.dir/CheckSymbolExists.c.o   -c /home/pi/catkin_ws/build/CMakeFiles/CMakeTmp/CheckSymbolExists.c
Linking C executable cmTC_71f4a
/usr/bin/cmake -E cmake_link_script CMakeFiles/cmTC_71f4a.dir/link.txt --verbose=1
/usr/bin/cc       CMakeFiles/cmTC_71f4a.dir/CheckSymbolExists.c.o  -o cmTC_71f4a -rdynamic 
CMakeFiles/cmTC_71f4a.dir/CheckSymbolExists.c.o: In function `main':
CheckSymbolExists.c:(.text+0x38): undefined reference to `pthread_create'
collect2: error: ld returned 1 exit status
CMakeFiles/cmTC_71f4a.dir/build.make:97: recipe for target 'cmTC_71f4a' failed
make[1]: *** [cmTC_71f4a] Error 1
make[1]: Leaving directory '/home/pi/catkin_ws/build/CMakeFiles/CMakeTmp'
Makefile:126: recipe for target 'cmTC_71f4a/fast' failed
make: *** [cmTC_71f4a/fast] Error 2

File /home/pi/catkin_ws/build/CMakeFiles/CMakeTmp/CheckSymbolExists.c:
/* */
#include <pthread.h>

int main(int argc, char** argv)
{
  (void)argv;
#ifndef pthread_create
  return ((int*)(&pthread_create))[argc];
#else
  (void)argc;
  return 0;
#endif
}

Determining if the function pthread_create exists in the pthreads failed with the following output:
Change Dir: /home/pi/catkin_ws/build/CMakeFiles/CMakeTmp

Run Build Command:"/usr/bin/make" "cmTC_bb1eb/fast"
/usr/bin/make -f CMakeFiles/cmTC_bb1eb.dir/build.make CMakeFiles/cmTC_bb1eb.dir/build
make[1]: Entering directory '/home/pi/catkin_ws/build/CMakeFiles/CMakeTmp'
Building C object CMakeFiles/cmTC_bb1eb.dir/CheckFunctionExists.c.o
/usr/bin/cc    -DCHECK_FUNCTION_EXISTS=pthread_create   -o CMakeFiles/cmTC_bb1eb.dir/CheckFunctionExists.c.o   -c /usr/share/cmake-3.7/Modules/CheckFunctionExists.c
Linking C executable cmTC_bb1eb
/usr/bin/cmake -E cmake_link_script CMakeFiles/cmTC_bb1eb.dir/link.txt --verbose=1
/usr/bin/cc   -DCHECK_FUNCTION_EXISTS=pthread_create    CMakeFiles/cmTC_bb1eb.dir/CheckFunctionExists.c.o  -o cmTC_bb1eb -rdynamic -lpthreads 
/usr/bin/ld: cannot find -lpthreads
collect2: error: ld returned 1 exit status
CMakeFiles/cmTC_bb1eb.dir/build.make:97: recipe for target 'cmTC_bb1eb' failed
make[1]: *** [cmTC_bb1eb] Error 1
make[1]: Leaving directory '/home/pi/catkin_ws/build/CMakeFiles/CMakeTmp'
Makefile:126: recipe for target 'cmTC_bb1eb/fast' failed
make: *** [cmTC_bb1eb/fast] Error 2


